2016/11/28 17:51:53 [error] [exception.CHttpException.404] exception 'CHttpException' with message 'The requested view "mentions" was not found.' in C:\wamp64\www\mas\yii\framework\web\actions\CViewAction.php:112
Stack trace:
#0 C:\wamp64\www\mas\yii\framework\web\actions\CViewAction.php(123): CViewAction->resolveView('mentions')
#1 C:\wamp64\www\mas\yii\framework\web\actions\CAction.php(76): CViewAction->run()
#2 C:\wamp64\www\mas\yii\framework\web\CController.php(308): CAction->runWithParams(Array)
#3 C:\wamp64\www\mas\yii\framework\web\CController.php(286): CController->runAction(Object(CViewAction))
#4 C:\wamp64\www\mas\yii\framework\web\CController.php(265): CController->runActionWithFilters(Object(CViewAction), Array)
#5 C:\wamp64\www\mas\yii\framework\web\CWebApplication.php(282): CController->run('page')
#6 C:\wamp64\www\mas\yii\framework\web\CWebApplication.php(141): CWebApplication->runController('site/page')
#7 C:\wamp64\www\mas\yii\framework\base\CApplication.php(185): CWebApplication->processRequest()
#8 C:\wamp64\www\mas\yii\mentions\index.php(13): CApplication->run()
#9 {main}
REQUEST_URI=/mas/yii/mentions/index.php?r=site/page&view=mentions
---
2016/11/29 22:59:28 [error] [exception.CHttpException.404] exception 'CHttpException' with message 'Unable to resolve the request "gii".' in C:\wamp64\www\mas\yii\framework\web\CWebApplication.php:286
Stack trace:
#0 C:\wamp64\www\mas\yii\framework\web\CWebApplication.php(141): CWebApplication->runController('gii')
#1 C:\wamp64\www\mas\yii\framework\base\CApplication.php(185): CWebApplication->processRequest()
#2 C:\wamp64\www\mas\yii\mentions\index.php(13): CApplication->run()
#3 {main}
REQUEST_URI=/mas/yii/mentions/index.php?r=gii
---
2016/11/30 21:23:19 [error] [php] The use statement with non-compound name 'EmpleadosController' has no effect (C:\wamp64\www\mas\yii\mentions\protected\controllers\SiteController.php:3)
Stack trace:
#0 C:\wamp64\www\mas\yii\framework\web\CWebApplication.php(141): CWebApplication->runController()
#1 C:\wamp64\www\mas\yii\framework\base\CApplication.php(185): CWebApplication->processRequest()
#2 C:\wamp64\www\mas\yii\mentions\index.php(13): CWebApplication->run()
REQUEST_URI=/mas/yii/mentions/index.php?r=site/mentions
in C:\wamp64\www\mas\yii\mentions\index.php (13)
2016/11/30 21:31:13 [error] [system.db.CDbCommand] CDbCommand::fetchAll() failed: SQLSTATE[42S22]: Column not found: 1054 Unknown column ''user:'+id_tipo' in 'field list'. The SQL statement executed was: SELECT `id_empleado` AS `value`, `'user:'+id_tipo`
FROM `tbl_empleados`.
in C:\wamp64\www\mas\yii\mentions\protected\controllers\SiteController.php (106)
in C:\wamp64\www\mas\yii\mentions\index.php (13)
2016/11/30 21:31:14 [error] [exception.CDbException] exception 'CDbException' with message 'CDbCommand failed to execute the SQL statement: SQLSTATE[42S22]: Column not found: 1054 Unknown column ''user:'+id_tipo' in 'field list'. The SQL statement executed was: SELECT `id_empleado` AS `value`, `'user:'+id_tipo`
FROM `tbl_empleados`' in C:\wamp64\www\mas\yii\framework\db\CDbCommand.php:543
Stack trace:
#0 C:\wamp64\www\mas\yii\framework\db\CDbCommand.php(396): CDbCommand->queryInternal('fetchAll', Array, Array)
#1 C:\wamp64\www\mas\yii\mentions\protected\controllers\SiteController.php(106): CDbCommand->queryAll()
#2 C:\wamp64\www\mas\yii\framework\web\actions\CInlineAction.php(49): SiteController->actionMentions()
#3 C:\wamp64\www\mas\yii\framework\web\CController.php(308): CInlineAction->runWithParams(Array)
#4 C:\wamp64\www\mas\yii\framework\web\CController.php(286): CController->runAction(Object(CInlineAction))
#5 C:\wamp64\www\mas\yii\framework\web\CController.php(265): CController->runActionWithFilters(Object(CInlineAction), Array)
#6 C:\wamp64\www\mas\yii\framework\web\CWebApplication.php(282): CController->run('mentions')
#7 C:\wamp64\www\mas\yii\framework\web\CWebApplication.php(141): CWebApplication->runController('site/mentions')
#8 C:\wamp64\www\mas\yii\framework\base\CApplication.php(185): CWebApplication->processRequest()
#9 C:\wamp64\www\mas\yii\mentions\index.php(13): CApplication->run()
#10 {main}
REQUEST_URI=/mas/yii/mentions/index.php?r=site/mentions
---
2016/11/30 21:31:45 [error] [system.db.CDbCommand] CDbCommand::fetchAll() failed: SQLSTATE[42S22]: Column not found: 1054 Unknown column ''user:'' in 'field list'. The SQL statement executed was: SELECT `id_empleado` AS `value`, `'user:'` AS `uid`
FROM `tbl_empleados`.
in C:\wamp64\www\mas\yii\mentions\protected\controllers\SiteController.php (106)
in C:\wamp64\www\mas\yii\mentions\index.php (13)
2016/11/30 21:31:45 [error] [exception.CDbException] exception 'CDbException' with message 'CDbCommand failed to execute the SQL statement: SQLSTATE[42S22]: Column not found: 1054 Unknown column ''user:'' in 'field list'. The SQL statement executed was: SELECT `id_empleado` AS `value`, `'user:'` AS `uid`
FROM `tbl_empleados`' in C:\wamp64\www\mas\yii\framework\db\CDbCommand.php:543
Stack trace:
#0 C:\wamp64\www\mas\yii\framework\db\CDbCommand.php(396): CDbCommand->queryInternal('fetchAll', Array, Array)
#1 C:\wamp64\www\mas\yii\mentions\protected\controllers\SiteController.php(106): CDbCommand->queryAll()
#2 C:\wamp64\www\mas\yii\framework\web\actions\CInlineAction.php(49): SiteController->actionMentions()
#3 C:\wamp64\www\mas\yii\framework\web\CController.php(308): CInlineAction->runWithParams(Array)
#4 C:\wamp64\www\mas\yii\framework\web\CController.php(286): CController->runAction(Object(CInlineAction))
#5 C:\wamp64\www\mas\yii\framework\web\CController.php(265): CController->runActionWithFilters(Object(CInlineAction), Array)
#6 C:\wamp64\www\mas\yii\framework\web\CWebApplication.php(282): CController->run('mentions')
#7 C:\wamp64\www\mas\yii\framework\web\CWebApplication.php(141): CWebApplication->runController('site/mentions')
#8 C:\wamp64\www\mas\yii\framework\base\CApplication.php(185): CWebApplication->processRequest()
#9 C:\wamp64\www\mas\yii\mentions\index.php(13): CApplication->run()
#10 {main}
REQUEST_URI=/mas/yii/mentions/index.php?r=site/mentions
---
2016/11/30 21:32:41 [error] [system.db.CDbCommand] CDbCommand::fetchAll() failed: SQLSTATE[42000]: Syntax error or access violation: 1064 You have an error in your SQL syntax; check the manual that corresponds to your MySQL server version for the right syntax to use near '`id_empleado` AS `value`
FROM `tbl_empleados`' at line 1. The SQL statement executed was: SELECT 'user:' as uid `id_empleado` AS `value`
FROM `tbl_empleados`.
in C:\wamp64\www\mas\yii\mentions\protected\controllers\SiteController.php (106)
in C:\wamp64\www\mas\yii\mentions\index.php (13)
2016/11/30 21:32:41 [error] [exception.CDbException] exception 'CDbException' with message 'CDbCommand failed to execute the SQL statement: SQLSTATE[42000]: Syntax error or access violation: 1064 You have an error in your SQL syntax; check the manual that corresponds to your MySQL server version for the right syntax to use near '`id_empleado` AS `value`
FROM `tbl_empleados`' at line 1. The SQL statement executed was: SELECT 'user:' as uid `id_empleado` AS `value`
FROM `tbl_empleados`' in C:\wamp64\www\mas\yii\framework\db\CDbCommand.php:543
Stack trace:
#0 C:\wamp64\www\mas\yii\framework\db\CDbCommand.php(396): CDbCommand->queryInternal('fetchAll', Array, Array)
#1 C:\wamp64\www\mas\yii\mentions\protected\controllers\SiteController.php(106): CDbCommand->queryAll()
#2 C:\wamp64\www\mas\yii\framework\web\actions\CInlineAction.php(49): SiteController->actionMentions()
#3 C:\wamp64\www\mas\yii\framework\web\CController.php(308): CInlineAction->runWithParams(Array)
#4 C:\wamp64\www\mas\yii\framework\web\CController.php(286): CController->runAction(Object(CInlineAction))
#5 C:\wamp64\www\mas\yii\framework\web\CController.php(265): CController->runActionWithFilters(Object(CInlineAction), Array)
#6 C:\wamp64\www\mas\yii\framework\web\CWebApplication.php(282): CController->run('mentions')
#7 C:\wamp64\www\mas\yii\framework\web\CWebApplication.php(141): CWebApplication->runController('site/mentions')
#8 C:\wamp64\www\mas\yii\framework\base\CApplication.php(185): CWebApplication->processRequest()
#9 C:\wamp64\www\mas\yii\mentions\index.php(13): CApplication->run()
#10 {main}
REQUEST_URI=/mas/yii/mentions/index.php?r=site/mentions
---
2016/11/30 21:32:53 [error] [system.db.CDbCommand] CDbCommand::fetchAll() failed: SQLSTATE[42000]: Syntax error or access violation: 1064 You have an error in your SQL syntax; check the manual that corresponds to your MySQL server version for the right syntax to use near '`id_empleado` AS `value`
FROM `tbl_empleados`' at line 1. The SQL statement executed was: SELECT 1 as uid `id_empleado` AS `value`
FROM `tbl_empleados`.
in C:\wamp64\www\mas\yii\mentions\protected\controllers\SiteController.php (106)
in C:\wamp64\www\mas\yii\mentions\index.php (13)
2016/11/30 21:32:53 [error] [exception.CDbException] exception 'CDbException' with message 'CDbCommand failed to execute the SQL statement: SQLSTATE[42000]: Syntax error or access violation: 1064 You have an error in your SQL syntax; check the manual that corresponds to your MySQL server version for the right syntax to use near '`id_empleado` AS `value`
FROM `tbl_empleados`' at line 1. The SQL statement executed was: SELECT 1 as uid `id_empleado` AS `value`
FROM `tbl_empleados`' in C:\wamp64\www\mas\yii\framework\db\CDbCommand.php:543
Stack trace:
#0 C:\wamp64\www\mas\yii\framework\db\CDbCommand.php(396): CDbCommand->queryInternal('fetchAll', Array, Array)
#1 C:\wamp64\www\mas\yii\mentions\protected\controllers\SiteController.php(106): CDbCommand->queryAll()
#2 C:\wamp64\www\mas\yii\framework\web\actions\CInlineAction.php(49): SiteController->actionMentions()
#3 C:\wamp64\www\mas\yii\framework\web\CController.php(308): CInlineAction->runWithParams(Array)
#4 C:\wamp64\www\mas\yii\framework\web\CController.php(286): CController->runAction(Object(CInlineAction))
#5 C:\wamp64\www\mas\yii\framework\web\CController.php(265): CController->runActionWithFilters(Object(CInlineAction), Array)
#6 C:\wamp64\www\mas\yii\framework\web\CWebApplication.php(282): CController->run('mentions')
#7 C:\wamp64\www\mas\yii\framework\web\CWebApplication.php(141): CWebApplication->runController('site/mentions')
#8 C:\wamp64\www\mas\yii\framework\base\CApplication.php(185): CWebApplication->processRequest()
#9 C:\wamp64\www\mas\yii\mentions\index.php(13): CApplication->run()
#10 {main}
REQUEST_URI=/mas/yii/mentions/index.php?r=site/mentions
---
2016/11/30 21:34:30 [error] [system.db.CDbCommand] CDbCommand::fetchAll() failed: SQLSTATE[42S22]: Column not found: 1054 Unknown column '1' in 'field list'. The SQL statement executed was: SELECT `id_empleado` AS `value`, `1` AS `uid`
FROM `tbl_empleados`.
in C:\wamp64\www\mas\yii\mentions\protected\controllers\SiteController.php (106)
in C:\wamp64\www\mas\yii\mentions\index.php (13)
2016/11/30 21:34:30 [error] [exception.CDbException] exception 'CDbException' with message 'CDbCommand failed to execute the SQL statement: SQLSTATE[42S22]: Column not found: 1054 Unknown column '1' in 'field list'. The SQL statement executed was: SELECT `id_empleado` AS `value`, `1` AS `uid`
FROM `tbl_empleados`' in C:\wamp64\www\mas\yii\framework\db\CDbCommand.php:543
Stack trace:
#0 C:\wamp64\www\mas\yii\framework\db\CDbCommand.php(396): CDbCommand->queryInternal('fetchAll', Array, Array)
#1 C:\wamp64\www\mas\yii\mentions\protected\controllers\SiteController.php(106): CDbCommand->queryAll()
#2 C:\wamp64\www\mas\yii\framework\web\actions\CInlineAction.php(49): SiteController->actionMentions()
#3 C:\wamp64\www\mas\yii\framework\web\CController.php(308): CInlineAction->runWithParams(Array)
#4 C:\wamp64\www\mas\yii\framework\web\CController.php(286): CController->runAction(Object(CInlineAction))
#5 C:\wamp64\www\mas\yii\framework\web\CController.php(265): CController->runActionWithFilters(Object(CInlineAction), Array)
#6 C:\wamp64\www\mas\yii\framework\web\CWebApplication.php(282): CController->run('mentions')
#7 C:\wamp64\www\mas\yii\framework\web\CWebApplication.php(141): CWebApplication->runController('site/mentions')
#8 C:\wamp64\www\mas\yii\framework\base\CApplication.php(185): CWebApplication->processRequest()
#9 C:\wamp64\www\mas\yii\mentions\index.php(13): CApplication->run()
#10 {main}
REQUEST_URI=/mas/yii/mentions/index.php?r=site/mentions
---
